ERROR 2025-08-29 14:44:04,080 log 17772 23540 Internal Server Error: /verify-otp/signup/
Traceback (most recent call last):
  File "C:\Users\user\Desktop\e-WatchitUp\watchitup_env\Lib\site-packages\django\contrib\auth\__init__.py", line 57, in _get_backend_from_user
    backend = backend or user.backend
                         ^^^^^^^^^^^^
AttributeError: 'CustomUser' object has no attribute 'backend'

During handling of the above exception, another exception occurred:

Traceback (most recent call last):
  File "C:\Users\user\Desktop\e-WatchitUp\watchitup_env\Lib\site-packages\django\core\handlers\exception.py", line 55, in inner
    response = get_response(request)
  File "C:\Users\user\Desktop\e-WatchitUp\watchitup_env\Lib\site-packages\django\core\handlers\base.py", line 197, in _get_response
    response = wrapped_callback(request, *callback_args, **callback_kwargs)
  File "C:\Users\user\Desktop\e-WatchitUp\watchitup\users\views.py", line 201, in verify_otp_view
    login(request, user)
    ~~~~~^^^^^^^^^^^^^^^
  File "C:\Users\user\Desktop\e-WatchitUp\watchitup_env\Lib\site-packages\django\contrib\auth\__init__.py", line 189, in login
    backend = _get_backend_from_user(user=user, backend=backend)
  File "C:\Users\user\Desktop\e-WatchitUp\watchitup_env\Lib\site-packages\django\contrib\auth\__init__.py", line 63, in _get_backend_from_user
    raise ValueError(
    ...<3 lines>...
    )
ValueError: You have multiple authentication backends configured and therefore must provide the `backend` argument or set the `backend` attribute on the user.
ERROR 2025-08-29 14:44:04,084 basehttp 17772 23540 "POST /verify-otp/signup/ HTTP/1.1" 500 90088
ERROR 2025-09-05 19:24:36,096 log 11200 27716 Internal Server Error: /products/product/35/
Traceback (most recent call last):
  File "C:\Users\user\Desktop\e-WatchitUp\watchitup_env\Lib\site-packages\django\core\handlers\exception.py", line 55, in inner
    response = get_response(request)
  File "C:\Users\user\Desktop\e-WatchitUp\watchitup_env\Lib\site-packages\django\core\handlers\base.py", line 197, in _get_response
    response = wrapped_callback(request, *callback_args, **callback_kwargs)
  File "C:\Users\user\Desktop\e-WatchitUp\watchitup\products\views.py", line 281, in product_detail
    valid_from__lte=timezone.now(),
                    ^^^^^^^^
NameError: name 'timezone' is not defined
ERROR 2025-09-05 19:24:36,105 basehttp 11200 27716 "GET /products/product/35/ HTTP/1.1" 500 75523
ERROR 2025-09-05 19:24:40,927 log 11200 27716 Internal Server Error: /products/product/34/
Traceback (most recent call last):
  File "C:\Users\user\Desktop\e-WatchitUp\watchitup_env\Lib\site-packages\django\core\handlers\exception.py", line 55, in inner
    response = get_response(request)
  File "C:\Users\user\Desktop\e-WatchitUp\watchitup_env\Lib\site-packages\django\core\handlers\base.py", line 197, in _get_response
    response = wrapped_callback(request, *callback_args, **callback_kwargs)
  File "C:\Users\user\Desktop\e-WatchitUp\watchitup\products\views.py", line 281, in product_detail
    valid_from__lte=timezone.now(),
                    ^^^^^^^^
NameError: name 'timezone' is not defined
ERROR 2025-09-05 19:24:40,935 basehttp 11200 27716 "GET /products/product/34/ HTTP/1.1" 500 75523
ERROR 2025-09-05 19:24:48,143 log 11200 27716 Internal Server Error: /products/product/33/
Traceback (most recent call last):
  File "C:\Users\user\Desktop\e-WatchitUp\watchitup_env\Lib\site-packages\django\core\handlers\exception.py", line 55, in inner
    response = get_response(request)
  File "C:\Users\user\Desktop\e-WatchitUp\watchitup_env\Lib\site-packages\django\core\handlers\base.py", line 197, in _get_response
    response = wrapped_callback(request, *callback_args, **callback_kwargs)
  File "C:\Users\user\Desktop\e-WatchitUp\watchitup\products\views.py", line 281, in product_detail
    valid_from__lte=timezone.now(),
                    ^^^^^^^^
NameError: name 'timezone' is not defined
ERROR 2025-09-05 19:24:48,149 basehttp 11200 27716 "GET /products/product/33/ HTTP/1.1" 500 75511
ERROR 2025-09-05 19:26:23,618 log 3372 26044 Internal Server Error: /products/product/33/
Traceback (most recent call last):
  File "C:\Users\user\Desktop\e-WatchitUp\watchitup_env\Lib\site-packages\django\core\handlers\exception.py", line 55, in inner
    response = get_response(request)
  File "C:\Users\user\Desktop\e-WatchitUp\watchitup_env\Lib\site-packages\django\core\handlers\base.py", line 197, in _get_response
    response = wrapped_callback(request, *callback_args, **callback_kwargs)
  File "C:\Users\user\Desktop\e-WatchitUp\watchitup\products\views.py", line 284, in product_detail
    Q(usage_limit__isnull=True) | Q(usage_limit__gt=models.F('used_count'))
                                                    ^^^^^^
NameError: name 'models' is not defined
ERROR 2025-09-05 19:26:23,621 basehttp 3372 26044 "GET /products/product/33/ HTTP/1.1" 500 75688
ERROR 2025-09-05 19:26:25,170 log 3372 26044 Internal Server Error: /products/product/33/
Traceback (most recent call last):
  File "C:\Users\user\Desktop\e-WatchitUp\watchitup_env\Lib\site-packages\django\core\handlers\exception.py", line 55, in inner
    response = get_response(request)
  File "C:\Users\user\Desktop\e-WatchitUp\watchitup_env\Lib\site-packages\django\core\handlers\base.py", line 197, in _get_response
    response = wrapped_callback(request, *callback_args, **callback_kwargs)
  File "C:\Users\user\Desktop\e-WatchitUp\watchitup\products\views.py", line 284, in product_detail
    Q(usage_limit__isnull=True) | Q(usage_limit__gt=models.F('used_count'))
                                                    ^^^^^^
NameError: name 'models' is not defined
ERROR 2025-09-05 19:26:25,172 basehttp 3372 26044 "GET /products/product/33/ HTTP/1.1" 500 75688
ERROR 2025-09-05 19:26:36,636 log 3372 10000 Internal Server Error: /products/product/36/
Traceback (most recent call last):
  File "C:\Users\user\Desktop\e-WatchitUp\watchitup_env\Lib\site-packages\django\core\handlers\exception.py", line 55, in inner
    response = get_response(request)
  File "C:\Users\user\Desktop\e-WatchitUp\watchitup_env\Lib\site-packages\django\core\handlers\base.py", line 197, in _get_response
    response = wrapped_callback(request, *callback_args, **callback_kwargs)
  File "C:\Users\user\Desktop\e-WatchitUp\watchitup\products\views.py", line 284, in product_detail
    Q(usage_limit__isnull=True) | Q(usage_limit__gt=models.F('used_count'))
                                                    ^^^^^^
NameError: name 'models' is not defined
ERROR 2025-09-05 19:26:36,645 basehttp 3372 10000 "GET /products/product/36/ HTTP/1.1" 500 75563
ERROR 2025-09-05 19:28:14,626 log 28864 25956 Internal Server Error: /products/product/36/
Traceback (most recent call last):
  File "C:\Users\user\Desktop\e-WatchitUp\watchitup_env\Lib\site-packages\django\core\handlers\exception.py", line 55, in inner
    response = get_response(request)
  File "C:\Users\user\Desktop\e-WatchitUp\watchitup_env\Lib\site-packages\django\core\handlers\base.py", line 197, in _get_response
    response = wrapped_callback(request, *callback_args, **callback_kwargs)
  File "C:\Users\user\Desktop\e-WatchitUp\watchitup\products\views.py", line 303, in product_detail
    return render(request, 'products/product_detail.html', context)
  File "C:\Users\user\Desktop\e-WatchitUp\watchitup_env\Lib\site-packages\django\shortcuts.py", line 25, in render
    content = loader.render_to_string(template_name, context, request, using=using)
  File "C:\Users\user\Desktop\e-WatchitUp\watchitup_env\Lib\site-packages\django\template\loader.py", line 61, in render_to_string
    template = get_template(template_name, using=using)
  File "C:\Users\user\Desktop\e-WatchitUp\watchitup_env\Lib\site-packages\django\template\loader.py", line 15, in get_template
    return engine.get_template(template_name)
           ~~~~~~~~~~~~~~~~~~~^^^^^^^^^^^^^^^
  File "C:\Users\user\Desktop\e-WatchitUp\watchitup_env\Lib\site-packages\django\template\backends\django.py", line 79, in get_template
    return Template(self.engine.get_template(template_name), self)
                    ~~~~~~~~~~~~~~~~~~~~~~~~^^^^^^^^^^^^^^^
  File "C:\Users\user\Desktop\e-WatchitUp\watchitup_env\Lib\site-packages\django\template\engine.py", line 177, in get_template
    template, origin = self.find_template(template_name)
                       ~~~~~~~~~~~~~~~~~~^^^^^^^^^^^^^^^
  File "C:\Users\user\Desktop\e-WatchitUp\watchitup_env\Lib\site-packages\django\template\engine.py", line 159, in find_template
    template = loader.get_template(name, skip=skip)
  File "C:\Users\user\Desktop\e-WatchitUp\watchitup_env\Lib\site-packages\django\template\loaders\cached.py", line 57, in get_template
    template = super().get_template(template_name, skip)
  File "C:\Users\user\Desktop\e-WatchitUp\watchitup_env\Lib\site-packages\django\template\loaders\base.py", line 28, in get_template
    return Template(
        contents,
    ...<2 lines>...
        self.engine,
    )
  File "C:\Users\user\Desktop\e-WatchitUp\watchitup_env\Lib\site-packages\django\template\base.py", line 154, in __init__
    self.nodelist = self.compile_nodelist()
                    ~~~~~~~~~~~~~~~~~~~~~^^
  File "C:\Users\user\Desktop\e-WatchitUp\watchitup_env\Lib\site-packages\django\template\base.py", line 196, in compile_nodelist
    nodelist = parser.parse()
  File "C:\Users\user\Desktop\e-WatchitUp\watchitup_env\Lib\site-packages\django\template\base.py", line 518, in parse
    raise self.error(token, e)
  File "C:\Users\user\Desktop\e-WatchitUp\watchitup_env\Lib\site-packages\django\template\base.py", line 516, in parse
    compiled_result = compile_func(self, token)
  File "C:\Users\user\Desktop\e-WatchitUp\watchitup_env\Lib\site-packages\django\template\loader_tags.py", line 299, in do_extends
    nodelist = parser.parse()
  File "C:\Users\user\Desktop\e-WatchitUp\watchitup_env\Lib\site-packages\django\template\base.py", line 518, in parse
    raise self.error(token, e)
  File "C:\Users\user\Desktop\e-WatchitUp\watchitup_env\Lib\site-packages\django\template\base.py", line 516, in parse
    compiled_result = compile_func(self, token)
  File "C:\Users\user\Desktop\e-WatchitUp\watchitup_env\Lib\site-packages\django\template\loader_tags.py", line 234, in do_block
    nodelist = parser.parse(("endblock",))
  File "C:\Users\user\Desktop\e-WatchitUp\watchitup_env\Lib\site-packages\django\template\base.py", line 518, in parse
    raise self.error(token, e)
  File "C:\Users\user\Desktop\e-WatchitUp\watchitup_env\Lib\site-packages\django\template\base.py", line 516, in parse
    compiled_result = compile_func(self, token)
  File "C:\Users\user\Desktop\e-WatchitUp\watchitup_env\Lib\site-packages\django\template\defaulttags.py", line 962, in do_if
    nodelist = parser.parse(("elif", "else", "endif"))
  File "C:\Users\user\Desktop\e-WatchitUp\watchitup_env\Lib\site-packages\django\template\base.py", line 518, in parse
    raise self.error(token, e)
  File "C:\Users\user\Desktop\e-WatchitUp\watchitup_env\Lib\site-packages\django\template\base.py", line 516, in parse
    compiled_result = compile_func(self, token)
  File "C:\Users\user\Desktop\e-WatchitUp\watchitup_env\Lib\site-packages\django\template\defaulttags.py", line 862, in do_for
    nodelist_loop = parser.parse(
        (
    ...<2 lines>...
        )
    )
  File "C:\Users\user\Desktop\e-WatchitUp\watchitup_env\Lib\site-packages\django\template\base.py", line 518, in parse
    raise self.error(token, e)
  File "C:\Users\user\Desktop\e-WatchitUp\watchitup_env\Lib\site-packages\django\template\base.py", line 516, in parse
    compiled_result = compile_func(self, token)
  File "C:\Users\user\Desktop\e-WatchitUp\watchitup_env\Lib\site-packages\django\template\defaulttags.py", line 962, in do_if
    nodelist = parser.parse(("elif", "else", "endif"))
  File "C:\Users\user\Desktop\e-WatchitUp\watchitup_env\Lib\site-packages\django\template\base.py", line 489, in parse
    raise self.error(token, e)
  File "C:\Users\user\Desktop\e-WatchitUp\watchitup_env\Lib\site-packages\django\template\base.py", line 487, in parse
    filter_expression = self.compile_filter(token.contents)
  File "C:\Users\user\Desktop\e-WatchitUp\watchitup_env\Lib\site-packages\django\template\base.py", line 609, in compile_filter
    return FilterExpression(token, self)
  File "C:\Users\user\Desktop\e-WatchitUp\watchitup_env\Lib\site-packages\django\template\base.py", line 705, in __init__
    filter_func = parser.find_filter(filter_name)
  File "C:\Users\user\Desktop\e-WatchitUp\watchitup_env\Lib\site-packages\django\template\base.py", line 615, in find_filter
    raise TemplateSyntaxError("Invalid filter: '%s'" % filter_name)
django.template.exceptions.TemplateSyntaxError: Invalid filter: 'div'
ERROR 2025-09-05 19:28:14,634 basehttp 28864 25956 "GET /products/product/36/ HTTP/1.1" 500 389807
